2025-02-27 11:40:01 [restartedMain] INFO  f.e.enchere.EncheresGrp1Application - Starting EncheresGrp1Application using Java 17 with PID 9072 (C:\Users\sbougouin2024\Desktop\Encheres-GRP-1\bin\main started by sbougouin2024 in C:\Users\sbougouin2024\Desktop\Encheres-GRP-1)
2025-02-27 11:40:01 [restartedMain] DEBUG f.e.enchere.EncheresGrp1Application - Running with Spring Boot v3.4.1, Spring v6.2.1
2025-02-27 11:40:01 [restartedMain] INFO  f.e.enchere.EncheresGrp1Application - The following 1 profile is active: "dev"
2025-02-27 11:40:01 [restartedMain] INFO  o.s.b.w.e.tomcat.TomcatWebServer - Tomcat initialized with port 8080 (http)
2025-02-27 11:40:01 [restartedMain] INFO  o.a.catalina.core.StandardService - Starting service [Tomcat]
2025-02-27 11:40:01 [restartedMain] INFO  o.a.catalina.core.StandardEngine - Starting Servlet engine: [Apache Tomcat/10.1.34]
2025-02-27 11:40:01 [restartedMain] INFO  o.a.c.c.C.[Tomcat].[localhost].[/] - Initializing Spring embedded WebApplicationContext
2025-02-27 11:40:01 [restartedMain] INFO  o.s.b.w.s.c.ServletWebServerApplicationContext - Root WebApplicationContext: initialization completed in 831 ms
2025-02-27 11:40:02 [restartedMain] WARN  o.s.s.c.a.a.c.InitializeUserDetailsBeanManagerConfigurer$InitializeUserDetailsManagerConfigurer - Found 2 UserDetailsService beans, with names [userDetailsService, users]. Global Authentication Manager will not use a UserDetailsService for username/password login. Consider publishing a single UserDetailsService bean.
2025-02-27 11:40:02 [restartedMain] INFO  o.s.b.a.w.s.WelcomePageHandlerMapping - Adding welcome page template: index
2025-02-27 11:40:02 [restartedMain] INFO  o.s.s.p.JdbcUserDetailsManager - No authentication manager set. Reauthentication of users when changing passwords will not be performed.
2025-02-27 11:40:02 [restartedMain] INFO  o.s.b.d.a.OptionalLiveReloadServer - LiveReload server is running on port 35729
2025-02-27 11:40:02 [restartedMain] INFO  o.s.b.w.e.tomcat.TomcatWebServer - Tomcat started on port 8080 (http) with context path '/'
2025-02-27 11:40:02 [restartedMain] INFO  f.e.enchere.EncheresGrp1Application - Started EncheresGrp1Application in 1.643 seconds (process running for 8311.893)
2025-02-27 11:40:02 [restartedMain] INFO  o.s.b.d.a.ConditionEvaluationDeltaLoggingListener - Condition evaluation unchanged
2025-02-27 11:42:27 [File Watcher] INFO  o.s.b.d.a.LocalDevToolsAutoConfiguration$RestartingClassPathChangeChangedEventListener - Restarting due to 1 class path change (0 additions, 0 deletions, 1 modification)
2025-02-27 11:42:27 [Thread-7] INFO  o.s.b.w.e.tomcat.GracefulShutdown - Commencing graceful shutdown. Waiting for active requests to complete
2025-02-27 11:42:27 [tomcat-shutdown] INFO  o.s.b.w.e.tomcat.GracefulShutdown - Graceful shutdown complete
2025-02-27 11:42:27 [restartedMain] INFO  f.e.enchere.EncheresGrp1Application - Starting EncheresGrp1Application using Java 17 with PID 9072 (C:\Users\sbougouin2024\Desktop\Encheres-GRP-1\bin\main started by sbougouin2024 in C:\Users\sbougouin2024\Desktop\Encheres-GRP-1)
2025-02-27 11:42:27 [restartedMain] DEBUG f.e.enchere.EncheresGrp1Application - Running with Spring Boot v3.4.1, Spring v6.2.1
2025-02-27 11:42:27 [restartedMain] INFO  f.e.enchere.EncheresGrp1Application - The following 1 profile is active: "dev"
2025-02-27 11:42:28 [restartedMain] INFO  o.s.b.w.e.tomcat.TomcatWebServer - Tomcat initialized with port 8080 (http)
2025-02-27 11:42:28 [restartedMain] INFO  o.a.catalina.core.StandardService - Starting service [Tomcat]
2025-02-27 11:42:28 [restartedMain] INFO  o.a.catalina.core.StandardEngine - Starting Servlet engine: [Apache Tomcat/10.1.34]
2025-02-27 11:42:28 [restartedMain] INFO  o.a.c.c.C.[Tomcat].[localhost].[/] - Initializing Spring embedded WebApplicationContext
2025-02-27 11:42:28 [restartedMain] INFO  o.s.b.w.s.c.ServletWebServerApplicationContext - Root WebApplicationContext: initialization completed in 283 ms
2025-02-27 11:42:28 [restartedMain] WARN  o.s.s.c.a.a.c.InitializeUserDetailsBeanManagerConfigurer$InitializeUserDetailsManagerConfigurer - Found 2 UserDetailsService beans, with names [userDetailsService, users]. Global Authentication Manager will not use a UserDetailsService for username/password login. Consider publishing a single UserDetailsService bean.
2025-02-27 11:42:28 [restartedMain] INFO  o.s.b.a.w.s.WelcomePageHandlerMapping - Adding welcome page template: index
2025-02-27 11:42:28 [restartedMain] INFO  o.s.s.p.JdbcUserDetailsManager - No authentication manager set. Reauthentication of users when changing passwords will not be performed.
2025-02-27 11:42:28 [restartedMain] INFO  o.s.b.d.a.OptionalLiveReloadServer - LiveReload server is running on port 35729
2025-02-27 11:42:28 [restartedMain] INFO  o.s.b.w.e.tomcat.TomcatWebServer - Tomcat started on port 8080 (http) with context path '/'
2025-02-27 11:42:28 [restartedMain] INFO  f.e.enchere.EncheresGrp1Application - Started EncheresGrp1Application in 0.545 seconds (process running for 8457.763)
2025-02-27 11:42:28 [restartedMain] INFO  o.s.b.d.a.ConditionEvaluationDeltaLoggingListener - Condition evaluation unchanged
2025-02-27 11:43:07 [File Watcher] INFO  o.s.b.d.a.LocalDevToolsAutoConfiguration$RestartingClassPathChangeChangedEventListener - Restarting due to 1 class path change (0 additions, 0 deletions, 1 modification)
2025-02-27 11:43:07 [Thread-11] INFO  o.s.b.w.e.tomcat.GracefulShutdown - Commencing graceful shutdown. Waiting for active requests to complete
2025-02-27 11:43:07 [tomcat-shutdown] INFO  o.s.b.w.e.tomcat.GracefulShutdown - Graceful shutdown complete
2025-02-27 11:43:07 [restartedMain] INFO  f.e.enchere.EncheresGrp1Application - Starting EncheresGrp1Application using Java 17 with PID 9072 (C:\Users\sbougouin2024\Desktop\Encheres-GRP-1\bin\main started by sbougouin2024 in C:\Users\sbougouin2024\Desktop\Encheres-GRP-1)
2025-02-27 11:43:07 [restartedMain] DEBUG f.e.enchere.EncheresGrp1Application - Running with Spring Boot v3.4.1, Spring v6.2.1
2025-02-27 11:43:07 [restartedMain] INFO  f.e.enchere.EncheresGrp1Application - The following 1 profile is active: "dev"
2025-02-27 11:43:07 [restartedMain] INFO  o.s.b.w.e.tomcat.TomcatWebServer - Tomcat initialized with port 8080 (http)
2025-02-27 11:43:07 [restartedMain] INFO  o.a.catalina.core.StandardService - Starting service [Tomcat]
2025-02-27 11:43:07 [restartedMain] INFO  o.a.catalina.core.StandardEngine - Starting Servlet engine: [Apache Tomcat/10.1.34]
2025-02-27 11:43:07 [restartedMain] INFO  o.a.c.c.C.[Tomcat].[localhost].[/] - Initializing Spring embedded WebApplicationContext
2025-02-27 11:43:07 [restartedMain] INFO  o.s.b.w.s.c.ServletWebServerApplicationContext - Root WebApplicationContext: initialization completed in 273 ms
2025-02-27 11:43:07 [restartedMain] WARN  o.s.s.c.a.a.c.InitializeUserDetailsBeanManagerConfigurer$InitializeUserDetailsManagerConfigurer - Found 2 UserDetailsService beans, with names [userDetailsService, users]. Global Authentication Manager will not use a UserDetailsService for username/password login. Consider publishing a single UserDetailsService bean.
2025-02-27 11:43:07 [restartedMain] INFO  o.s.b.a.w.s.WelcomePageHandlerMapping - Adding welcome page template: index
2025-02-27 11:43:07 [restartedMain] INFO  o.s.s.p.JdbcUserDetailsManager - No authentication manager set. Reauthentication of users when changing passwords will not be performed.
2025-02-27 11:43:07 [restartedMain] INFO  o.s.b.d.a.OptionalLiveReloadServer - LiveReload server is running on port 35729
2025-02-27 11:43:07 [restartedMain] INFO  o.s.b.w.e.tomcat.TomcatWebServer - Tomcat started on port 8080 (http) with context path '/'
2025-02-27 11:43:07 [restartedMain] INFO  f.e.enchere.EncheresGrp1Application - Started EncheresGrp1Application in 0.495 seconds (process running for 8497.178)
2025-02-27 11:43:07 [restartedMain] INFO  o.s.b.d.a.ConditionEvaluationDeltaLoggingListener - Condition evaluation unchanged
2025-02-27 11:44:17 [File Watcher] INFO  o.s.b.d.a.LocalDevToolsAutoConfiguration$RestartingClassPathChangeChangedEventListener - Restarting due to 1 class path change (0 additions, 0 deletions, 1 modification)
2025-02-27 11:44:17 [Thread-15] INFO  o.s.b.w.e.tomcat.GracefulShutdown - Commencing graceful shutdown. Waiting for active requests to complete
2025-02-27 11:44:17 [tomcat-shutdown] INFO  o.s.b.w.e.tomcat.GracefulShutdown - Graceful shutdown complete
2025-02-27 11:44:17 [restartedMain] INFO  f.e.enchere.EncheresGrp1Application - Starting EncheresGrp1Application using Java 17 with PID 9072 (C:\Users\sbougouin2024\Desktop\Encheres-GRP-1\bin\main started by sbougouin2024 in C:\Users\sbougouin2024\Desktop\Encheres-GRP-1)
2025-02-27 11:44:17 [restartedMain] DEBUG f.e.enchere.EncheresGrp1Application - Running with Spring Boot v3.4.1, Spring v6.2.1
2025-02-27 11:44:17 [restartedMain] INFO  f.e.enchere.EncheresGrp1Application - The following 1 profile is active: "dev"
2025-02-27 11:44:18 [restartedMain] INFO  o.s.b.w.e.tomcat.TomcatWebServer - Tomcat initialized with port 8080 (http)
2025-02-27 11:44:18 [restartedMain] INFO  o.a.catalina.core.StandardService - Starting service [Tomcat]
2025-02-27 11:44:18 [restartedMain] INFO  o.a.catalina.core.StandardEngine - Starting Servlet engine: [Apache Tomcat/10.1.34]
2025-02-27 11:44:18 [restartedMain] INFO  o.a.c.c.C.[Tomcat].[localhost].[/] - Initializing Spring embedded WebApplicationContext
2025-02-27 11:44:18 [restartedMain] INFO  o.s.b.w.s.c.ServletWebServerApplicationContext - Root WebApplicationContext: initialization completed in 227 ms
2025-02-27 11:44:18 [restartedMain] WARN  o.s.s.c.a.a.c.InitializeUserDetailsBeanManagerConfigurer$InitializeUserDetailsManagerConfigurer - Found 2 UserDetailsService beans, with names [userDetailsService, users]. Global Authentication Manager will not use a UserDetailsService for username/password login. Consider publishing a single UserDetailsService bean.
2025-02-27 11:44:18 [restartedMain] INFO  o.s.b.a.w.s.WelcomePageHandlerMapping - Adding welcome page template: index
2025-02-27 11:44:18 [restartedMain] INFO  o.s.s.p.JdbcUserDetailsManager - No authentication manager set. Reauthentication of users when changing passwords will not be performed.
2025-02-27 11:44:18 [restartedMain] INFO  o.s.b.d.a.OptionalLiveReloadServer - LiveReload server is running on port 35729
2025-02-27 11:44:18 [restartedMain] INFO  o.s.b.w.e.tomcat.TomcatWebServer - Tomcat started on port 8080 (http) with context path '/'
2025-02-27 11:44:18 [restartedMain] INFO  f.e.enchere.EncheresGrp1Application - Started EncheresGrp1Application in 0.399 seconds (process running for 8567.703)
2025-02-27 11:44:18 [restartedMain] INFO  o.s.b.d.a.ConditionEvaluationDeltaLoggingListener - Condition evaluation unchanged
2025-02-27 11:45:46 [File Watcher] INFO  o.s.b.d.a.LocalDevToolsAutoConfiguration$RestartingClassPathChangeChangedEventListener - Restarting due to 2 class path changes (0 additions, 0 deletions, 2 modifications)
2025-02-27 11:45:46 [Thread-19] INFO  o.s.b.w.e.tomcat.GracefulShutdown - Commencing graceful shutdown. Waiting for active requests to complete
2025-02-27 11:45:46 [tomcat-shutdown] INFO  o.s.b.w.e.tomcat.GracefulShutdown - Graceful shutdown complete
2025-02-27 11:45:46 [restartedMain] INFO  f.e.enchere.EncheresGrp1Application - Starting EncheresGrp1Application using Java 17 with PID 9072 (C:\Users\sbougouin2024\Desktop\Encheres-GRP-1\bin\main started by sbougouin2024 in C:\Users\sbougouin2024\Desktop\Encheres-GRP-1)
2025-02-27 11:45:46 [restartedMain] DEBUG f.e.enchere.EncheresGrp1Application - Running with Spring Boot v3.4.1, Spring v6.2.1
2025-02-27 11:45:46 [restartedMain] INFO  f.e.enchere.EncheresGrp1Application - The following 1 profile is active: "dev"
2025-02-27 11:45:47 [restartedMain] INFO  o.s.b.w.e.tomcat.TomcatWebServer - Tomcat initialized with port 8080 (http)
2025-02-27 11:45:47 [restartedMain] INFO  o.a.catalina.core.StandardService - Starting service [Tomcat]
2025-02-27 11:45:47 [restartedMain] INFO  o.a.catalina.core.StandardEngine - Starting Servlet engine: [Apache Tomcat/10.1.34]
2025-02-27 11:45:47 [restartedMain] INFO  o.a.c.c.C.[Tomcat].[localhost].[/] - Initializing Spring embedded WebApplicationContext
2025-02-27 11:45:47 [restartedMain] INFO  o.s.b.w.s.c.ServletWebServerApplicationContext - Root WebApplicationContext: initialization completed in 227 ms
2025-02-27 11:45:47 [restartedMain] WARN  o.s.s.c.a.a.c.InitializeUserDetailsBeanManagerConfigurer$InitializeUserDetailsManagerConfigurer - Found 2 UserDetailsService beans, with names [userDetailsService, users]. Global Authentication Manager will not use a UserDetailsService for username/password login. Consider publishing a single UserDetailsService bean.
2025-02-27 11:45:47 [restartedMain] INFO  o.s.b.a.w.s.WelcomePageHandlerMapping - Adding welcome page template: index
2025-02-27 11:45:47 [restartedMain] INFO  o.s.s.p.JdbcUserDetailsManager - No authentication manager set. Reauthentication of users when changing passwords will not be performed.
2025-02-27 11:45:47 [restartedMain] INFO  o.s.b.d.a.OptionalLiveReloadServer - LiveReload server is running on port 35729
2025-02-27 11:45:47 [restartedMain] INFO  o.s.b.w.e.tomcat.TomcatWebServer - Tomcat started on port 8080 (http) with context path '/'
2025-02-27 11:45:47 [restartedMain] INFO  f.e.enchere.EncheresGrp1Application - Started EncheresGrp1Application in 0.401 seconds (process running for 8656.623)
2025-02-27 11:45:47 [restartedMain] INFO  o.s.b.d.a.ConditionEvaluationDeltaLoggingListener - Condition evaluation unchanged
2025-02-27 11:46:39 [File Watcher] INFO  o.s.b.d.a.LocalDevToolsAutoConfiguration$RestartingClassPathChangeChangedEventListener - Restarting due to 1 class path change (0 additions, 0 deletions, 1 modification)
2025-02-27 11:46:39 [Thread-23] INFO  o.s.b.w.e.tomcat.GracefulShutdown - Commencing graceful shutdown. Waiting for active requests to complete
2025-02-27 11:46:39 [tomcat-shutdown] INFO  o.s.b.w.e.tomcat.GracefulShutdown - Graceful shutdown complete
2025-02-27 11:46:39 [restartedMain] INFO  f.e.enchere.EncheresGrp1Application - Starting EncheresGrp1Application using Java 17 with PID 9072 (C:\Users\sbougouin2024\Desktop\Encheres-GRP-1\bin\main started by sbougouin2024 in C:\Users\sbougouin2024\Desktop\Encheres-GRP-1)
2025-02-27 11:46:39 [restartedMain] DEBUG f.e.enchere.EncheresGrp1Application - Running with Spring Boot v3.4.1, Spring v6.2.1
2025-02-27 11:46:39 [restartedMain] INFO  f.e.enchere.EncheresGrp1Application - The following 1 profile is active: "dev"
2025-02-27 11:46:39 [restartedMain] INFO  o.s.b.w.e.tomcat.TomcatWebServer - Tomcat initialized with port 8080 (http)
2025-02-27 11:46:39 [restartedMain] INFO  o.a.catalina.core.StandardService - Starting service [Tomcat]
2025-02-27 11:46:39 [restartedMain] INFO  o.a.catalina.core.StandardEngine - Starting Servlet engine: [Apache Tomcat/10.1.34]
2025-02-27 11:46:39 [restartedMain] INFO  o.a.c.c.C.[Tomcat].[localhost].[/] - Initializing Spring embedded WebApplicationContext
2025-02-27 11:46:39 [restartedMain] INFO  o.s.b.w.s.c.ServletWebServerApplicationContext - Root WebApplicationContext: initialization completed in 252 ms
2025-02-27 11:46:39 [restartedMain] WARN  o.s.s.c.a.a.c.InitializeUserDetailsBeanManagerConfigurer$InitializeUserDetailsManagerConfigurer - Found 2 UserDetailsService beans, with names [userDetailsService, users]. Global Authentication Manager will not use a UserDetailsService for username/password login. Consider publishing a single UserDetailsService bean.
2025-02-27 11:46:39 [restartedMain] INFO  o.s.b.a.w.s.WelcomePageHandlerMapping - Adding welcome page template: index
2025-02-27 11:46:39 [restartedMain] INFO  o.s.s.p.JdbcUserDetailsManager - No authentication manager set. Reauthentication of users when changing passwords will not be performed.
2025-02-27 11:46:39 [restartedMain] INFO  o.s.b.d.a.OptionalLiveReloadServer - LiveReload server is running on port 35729
2025-02-27 11:46:39 [restartedMain] INFO  o.s.b.w.e.tomcat.TomcatWebServer - Tomcat started on port 8080 (http) with context path '/'
2025-02-27 11:46:39 [restartedMain] INFO  f.e.enchere.EncheresGrp1Application - Started EncheresGrp1Application in 0.468 seconds (process running for 8709.198)
2025-02-27 11:46:39 [restartedMain] INFO  o.s.b.d.a.ConditionEvaluationDeltaLoggingListener - Condition evaluation unchanged
2025-02-27 11:51:44 [restartedMain] INFO  f.e.enchere.EncheresGrp1Application - Starting EncheresGrp1Application using Java 17 with PID 12364 (C:\Users\alens2024\Desktop\workspace\Encheres-GRP-1\bin\main started by alens2024 in C:\Users\alens2024\Desktop\workspace\Encheres-GRP-1)
2025-02-27 11:51:44 [restartedMain] DEBUG f.e.enchere.EncheresGrp1Application - Running with Spring Boot v3.4.1, Spring v6.2.1
2025-02-27 11:51:44 [restartedMain] INFO  f.e.enchere.EncheresGrp1Application - The following 1 profile is active: "dev"
2025-02-27 11:51:44 [restartedMain] INFO  o.s.b.w.e.tomcat.TomcatWebServer - Tomcat initialized with port 8080 (http)
2025-02-27 11:51:44 [restartedMain] INFO  o.a.catalina.core.StandardService - Starting service [Tomcat]
2025-02-27 11:51:44 [restartedMain] INFO  o.a.catalina.core.StandardEngine - Starting Servlet engine: [Apache Tomcat/10.1.34]
2025-02-27 11:51:44 [restartedMain] INFO  o.a.c.c.C.[Tomcat].[localhost].[/] - Initializing Spring embedded WebApplicationContext
2025-02-27 11:51:44 [restartedMain] INFO  o.s.b.w.s.c.ServletWebServerApplicationContext - Root WebApplicationContext: initialization completed in 146 ms
2025-02-27 11:51:44 [restartedMain] WARN  o.s.b.w.s.c.AnnotationConfigServletWebServerApplicationContext - Exception encountered during context initialization - cancelling refresh attempt: org.springframework.beans.factory.UnsatisfiedDependencyException: Error creating bean with name 'contexteServiceImpl' defined in file [C:\Users\alens2024\Desktop\workspace\Encheres-GRP-1\bin\main\fr\eni\enchere\bll\ContexteServiceImpl.class]: Unsatisfied dependency expressed through constructor parameter 0: Error creating bean with name 'utilisateurDAOImpl' defined in file [C:\Users\alens2024\Desktop\workspace\Encheres-GRP-1\bin\main\fr\eni\enchere\dal\UtilisateurDAOImpl.class]: Unsatisfied dependency expressed through constructor parameter 0: Error creating bean with name 'dataSourceScriptDatabaseInitializer' defined in class path resource [org/springframework/boot/autoconfigure/sql/init/DataSourceInitializationConfiguration.class]: Unsatisfied dependency expressed through method 'dataSourceScriptDatabaseInitializer' parameter 0: Error creating bean with name 'dataSource' defined in class path resource [org/springframework/boot/autoconfigure/jdbc/DataSourceConfiguration$Hikari.class]: Failed to instantiate [com.zaxxer.hikari.HikariDataSource]: Factory method 'dataSource' threw exception with message: Failed to determine a suitable driver class
2025-02-27 11:51:44 [restartedMain] INFO  o.a.catalina.core.StandardService - Stopping service [Tomcat]
2025-02-27 11:51:44 [restartedMain] INFO  o.s.b.a.l.ConditionEvaluationReportLogger - 

Error starting ApplicationContext. To display the condition evaluation report re-run your application with 'debug' enabled.
2025-02-27 11:51:44 [restartedMain] ERROR o.s.b.d.LoggingFailureAnalysisReporter - 

***************************
APPLICATION FAILED TO START
***************************

Description:

Failed to configure a DataSource: 'url' attribute is not specified and no embedded datasource could be configured.

Reason: Failed to determine a suitable driver class


Action:

Consider the following:
	If you want an embedded database (H2, HSQL or Derby), please put it on the classpath.
	If you have database settings to be loaded from a particular profile you may need to activate it (the profiles dev are currently active).

